Determining if the pthread_create exist failed with the following output:
Change Dir: /home/f1tenth2/f110_ws/build/CMakeFiles/CMakeTmp

Run Build Command:"/usr/bin/make" "cmTC_8fffa/fast"
/usr/bin/make -f CMakeFiles/cmTC_8fffa.dir/build.make CMakeFiles/cmTC_8fffa.dir/build
make[1]: Entering directory '/home/f1tenth2/f110_ws/build/CMakeFiles/CMakeTmp'
Building C object CMakeFiles/cmTC_8fffa.dir/CheckSymbolExists.c.o
/usr/bin/cc    -o CMakeFiles/cmTC_8fffa.dir/CheckSymbolExists.c.o   -c /home/f1tenth2/f110_ws/build/CMakeFiles/CMakeTmp/CheckSymbolExists.c
Linking C executable cmTC_8fffa
/usr/bin/cmake -E cmake_link_script CMakeFiles/cmTC_8fffa.dir/link.txt --verbose=1
/usr/bin/cc      -rdynamic CMakeFiles/cmTC_8fffa.dir/CheckSymbolExists.c.o  -o cmTC_8fffa 
CMakeFiles/cmTC_8fffa.dir/CheckSymbolExists.c.o: In function `main':
CheckSymbolExists.c:(.text+0x14): undefined reference to `pthread_create'
CheckSymbolExists.c:(.text+0x18): undefined reference to `pthread_create'
collect2: error: ld returned 1 exit status
CMakeFiles/cmTC_8fffa.dir/build.make:97: recipe for target 'cmTC_8fffa' failed
make[1]: *** [cmTC_8fffa] Error 1
make[1]: Leaving directory '/home/f1tenth2/f110_ws/build/CMakeFiles/CMakeTmp'
Makefile:126: recipe for target 'cmTC_8fffa/fast' failed
make: *** [cmTC_8fffa/fast] Error 2

File /home/f1tenth2/f110_ws/build/CMakeFiles/CMakeTmp/CheckSymbolExists.c:
/* */
#include <pthread.h>

int main(int argc, char** argv)
{
  (void)argv;
#ifndef pthread_create
  return ((int*)(&pthread_create))[argc];
#else
  (void)argc;
  return 0;
#endif
}

Determining if the function pthread_create exists in the pthreads failed with the following output:
Change Dir: /home/f1tenth2/f110_ws/build/CMakeFiles/CMakeTmp

Run Build Command:"/usr/bin/make" "cmTC_e2167/fast"
/usr/bin/make -f CMakeFiles/cmTC_e2167.dir/build.make CMakeFiles/cmTC_e2167.dir/build
make[1]: Entering directory '/home/f1tenth2/f110_ws/build/CMakeFiles/CMakeTmp'
Building C object CMakeFiles/cmTC_e2167.dir/CheckFunctionExists.c.o
/usr/bin/cc   -DCHECK_FUNCTION_EXISTS=pthread_create   -o CMakeFiles/cmTC_e2167.dir/CheckFunctionExists.c.o   -c /usr/share/cmake-3.10/Modules/CheckFunctionExists.c
Linking C executable cmTC_e2167
/usr/bin/cmake -E cmake_link_script CMakeFiles/cmTC_e2167.dir/link.txt --verbose=1
/usr/bin/cc  -DCHECK_FUNCTION_EXISTS=pthread_create    -rdynamic CMakeFiles/cmTC_e2167.dir/CheckFunctionExists.c.o  -o cmTC_e2167 -lpthreads 
/usr/bin/ld: cannot find -lpthreads
collect2: error: ld returned 1 exit status
CMakeFiles/cmTC_e2167.dir/build.make:97: recipe for target 'cmTC_e2167' failed
make[1]: *** [cmTC_e2167] Error 1
make[1]: Leaving directory '/home/f1tenth2/f110_ws/build/CMakeFiles/CMakeTmp'
Makefile:126: recipe for target 'cmTC_e2167/fast' failed
make: *** [cmTC_e2167/fast] Error 2


